<?xml version="1.0" encoding="UTF-8"?>
<coverage generated="1677866465052" clover="3.2.0">
  <project timestamp="1677866465052" name="All files">
    <metrics statements="50" coveredstatements="50" conditionals="29" coveredconditionals="29" methods="11" coveredmethods="11" elements="90" coveredelements="90" complexity="0" loc="50" ncloc="50" packages="1" files="5" classes="5"/>
    <file name="analyze-array.js" path="/Users/buka/Desktop/Brainnest/brainnest_jest_tests/js/analyze-array.js">
      <metrics statements="8" coveredstatements="8" conditionals="5" coveredconditionals="5" methods="2" coveredmethods="2"/>
      <line num="1" count="1" type="stmt"/>
      <line num="3" count="5" type="cond" truecount="5" falsecount="0"/>
      <line num="4" count="3" type="stmt"/>
      <line num="7" count="8" type="stmt"/>
      <line num="8" count="2" type="stmt"/>
      <line num="9" count="2" type="stmt"/>
      <line num="10" count="2" type="stmt"/>
      <line num="12" count="2" type="stmt"/>
    </file>
    <file name="caesar-cipher.js" path="/Users/buka/Desktop/Brainnest/brainnest_jest_tests/js/caesar-cipher.js">
      <metrics statements="17" coveredstatements="17" conditionals="14" coveredconditionals="14" methods="2" coveredmethods="2"/>
      <line num="1" count="1" type="stmt"/>
      <line num="2" count="8" type="cond" truecount="2" falsecount="0"/>
      <line num="3" count="1" type="stmt"/>
      <line num="5" count="7" type="stmt"/>
      <line num="6" count="7" type="cond" truecount="2" falsecount="0"/>
      <line num="7" count="7" type="stmt"/>
      <line num="9" count="7" type="stmt"/>
      <line num="10" count="89" type="stmt"/>
      <line num="13" count="7" type="stmt"/>
      <line num="14" count="118" type="stmt"/>
      <line num="15" count="118" type="stmt"/>
      <line num="17" count="118" type="cond" truecount="5" falsecount="0"/>
      <line num="18" count="22" type="stmt"/>
      <line num="21" count="96" type="cond" truecount="5" falsecount="0"/>
      <line num="22" count="67" type="stmt"/>
      <line num="26" count="29" type="stmt"/>
      <line num="29" count="7" type="stmt"/>
    </file>
    <file name="calculator.js" path="/Users/buka/Desktop/Brainnest/brainnest_jest_tests/js/calculator.js">
      <metrics statements="12" coveredstatements="12" conditionals="2" coveredconditionals="2" methods="5" coveredmethods="5"/>
      <line num="3" count="14" type="stmt"/>
      <line num="4" count="14" type="stmt"/>
      <line num="7" count="14" type="stmt"/>
      <line num="8" count="5" type="stmt"/>
      <line num="11" count="14" type="stmt"/>
      <line num="12" count="3" type="stmt"/>
      <line num="15" count="14" type="stmt"/>
      <line num="16" count="3" type="stmt"/>
      <line num="19" count="14" type="stmt"/>
      <line num="20" count="3" type="cond" truecount="2" falsecount="0"/>
      <line num="21" count="1" type="stmt"/>
      <line num="23" count="2" type="stmt"/>
    </file>
    <file name="capitalize.js" path="/Users/buka/Desktop/Brainnest/brainnest_jest_tests/js/capitalize.js">
      <metrics statements="6" coveredstatements="6" conditionals="2" coveredconditionals="2" methods="1" coveredmethods="1"/>
      <line num="1" count="1" type="stmt"/>
      <line num="2" count="5" type="cond" truecount="2" falsecount="0"/>
      <line num="3" count="1" type="stmt"/>
      <line num="5" count="4" type="stmt"/>
      <line num="6" count="4" type="stmt"/>
      <line num="7" count="4" type="stmt"/>
    </file>
    <file name="reverse-string.js" path="/Users/buka/Desktop/Brainnest/brainnest_jest_tests/js/reverse-string.js">
      <metrics statements="7" coveredstatements="7" conditionals="6" coveredconditionals="6" methods="1" coveredmethods="1"/>
      <line num="1" count="1" type="stmt"/>
      <line num="2" count="4" type="cond" truecount="4" falsecount="0"/>
      <line num="3" count="1" type="stmt"/>
      <line num="6" count="3" type="cond" truecount="2" falsecount="0"/>
      <line num="7" count="1" type="stmt"/>
      <line num="9" count="3" type="stmt"/>
      <line num="10" count="3" type="stmt"/>
    </file>
  </project>
</coverage>
