{"/Users/buka/Desktop/Brainnest/brainnest_jest_tests/js/analyze-array.js": {"path":"/Users/buka/Desktop/Brainnest/brainnest_jest_tests/js/analyze-array.js","statementMap":{"0":{"start":{"line":1,"column":21},"end":{"line":18,"column":1}},"1":{"start":{"line":3,"column":2},"end":{"line":5,"column":3}},"2":{"start":{"line":4,"column":4},"end":{"line":4,"column":15}},"3":{"start":{"line":7,"column":18},"end":{"line":7,"column":72}},"4":{"start":{"line":7,"column":46},"end":{"line":7,"column":56}},"5":{"start":{"line":8,"column":14},"end":{"line":8,"column":32}},"6":{"start":{"line":9,"column":14},"end":{"line":9,"column":32}},"7":{"start":{"line":10,"column":17},"end":{"line":10,"column":29}},"8":{"start":{"line":12,"column":2},"end":{"line":17,"column":3}}},"fnMap":{"0":{"name":"(anonymous_0)","decl":{"start":{"line":1,"column":21},"end":{"line":1,"column":22}},"loc":{"start":{"line":1,"column":32},"end":{"line":18,"column":1}},"line":1},"1":{"name":"(anonymous_1)","decl":{"start":{"line":7,"column":31},"end":{"line":7,"column":32}},"loc":{"start":{"line":7,"column":46},"end":{"line":7,"column":56}},"line":7}},"branchMap":{"0":{"loc":{"start":{"line":3,"column":2},"end":{"line":5,"column":3}},"type":"if","locations":[{"start":{"line":3,"column":2},"end":{"line":5,"column":3}},{"start":{},"end":{}}],"line":3},"1":{"loc":{"start":{"line":3,"column":6},"end":{"line":3,"column":73}},"type":"binary-expr","locations":[{"start":{"line":3,"column":6},"end":{"line":3,"column":27}},{"start":{"line":3,"column":31},"end":{"line":3,"column":44}},{"start":{"line":3,"column":48},"end":{"line":3,"column":73}}],"line":3}},"s":{"0":1,"1":5,"2":3,"3":2,"4":8,"5":2,"6":2,"7":2,"8":2},"f":{"0":5,"1":8},"b":{"0":[3,2],"1":[5,4,3]},"_coverageSchema":"1a1c01bbd47fc00a2c39e90264f33305004495a9","hash":"159aecd1962413cec640be9ad08af9321391c937"}
,"/Users/buka/Desktop/Brainnest/brainnest_jest_tests/js/caesar-cipher.js": {"path":"/Users/buka/Desktop/Brainnest/brainnest_jest_tests/js/caesar-cipher.js","statementMap":{"0":{"start":{"line":1,"column":21},"end":{"line":30,"column":1}},"1":{"start":{"line":2,"column":2},"end":{"line":4,"column":3}},"2":{"start":{"line":3,"column":4},"end":{"line":3,"column":15}},"3":{"start":{"line":5,"column":13},"end":{"line":5,"column":23}},"4":{"start":{"line":6,"column":22},"end":{"line":6,"column":59}},"5":{"start":{"line":7,"column":19},"end":{"line":7,"column":21}},"6":{"start":{"line":9,"column":28},"end":{"line":11,"column":3}},"7":{"start":{"line":10,"column":4},"end":{"line":10,"column":87}},"8":{"start":{"line":13,"column":2},"end":{"line":28,"column":3}},"9":{"start":{"line":13,"column":12},"end":{"line":13,"column":13}},"10":{"start":{"line":14,"column":22},"end":{"line":14,"column":41}},"11":{"start":{"line":15,"column":26},"end":{"line":15,"column":49}},"12":{"start":{"line":17,"column":4},"end":{"line":27,"column":5}},"13":{"start":{"line":18,"column":6},"end":{"line":18,"column":58}},"14":{"start":{"line":21,"column":9},"end":{"line":27,"column":5}},"15":{"start":{"line":22,"column":6},"end":{"line":22,"column":58}},"16":{"start":{"line":26,"column":6},"end":{"line":26,"column":39}},"17":{"start":{"line":29,"column":2},"end":{"line":29,"column":19}}},"fnMap":{"0":{"name":"(anonymous_0)","decl":{"start":{"line":1,"column":21},"end":{"line":1,"column":22}},"loc":{"start":{"line":1,"column":51},"end":{"line":30,"column":1}},"line":1},"1":{"name":"(anonymous_1)","decl":{"start":{"line":9,"column":28},"end":{"line":9,"column":29}},"loc":{"start":{"line":9,"column":55},"end":{"line":11,"column":3}},"line":9}},"branchMap":{"0":{"loc":{"start":{"line":2,"column":2},"end":{"line":4,"column":3}},"type":"if","locations":[{"start":{"line":2,"column":2},"end":{"line":4,"column":3}},{"start":{},"end":{}}],"line":2},"1":{"loc":{"start":{"line":6,"column":22},"end":{"line":6,"column":59}},"type":"cond-expr","locations":[{"start":{"line":6,"column":34},"end":{"line":6,"column":45}},{"start":{"line":6,"column":48},"end":{"line":6,"column":59}}],"line":6},"2":{"loc":{"start":{"line":17,"column":4},"end":{"line":27,"column":5}},"type":"if","locations":[{"start":{"line":17,"column":4},"end":{"line":27,"column":5}},{"start":{"line":21,"column":9},"end":{"line":27,"column":5}}],"line":17},"3":{"loc":{"start":{"line":17,"column":7},"end":{"line":17,"column":79}},"type":"binary-expr","locations":[{"start":{"line":17,"column":7},"end":{"line":17,"column":27}},{"start":{"line":17,"column":32},"end":{"line":17,"column":53}},{"start":{"line":17,"column":57},"end":{"line":17,"column":78}}],"line":17},"4":{"loc":{"start":{"line":21,"column":9},"end":{"line":27,"column":5}},"type":"if","locations":[{"start":{"line":21,"column":9},"end":{"line":27,"column":5}},{"start":{"line":25,"column":9},"end":{"line":27,"column":5}}],"line":21},"5":{"loc":{"start":{"line":21,"column":13},"end":{"line":21,"column":86}},"type":"binary-expr","locations":[{"start":{"line":21,"column":13},"end":{"line":21,"column":33}},{"start":{"line":21,"column":38},"end":{"line":21,"column":59}},{"start":{"line":21,"column":63},"end":{"line":21,"column":85}}],"line":21}},"s":{"0":1,"1":8,"2":1,"3":7,"4":7,"5":7,"6":7,"7":89,"8":7,"9":7,"10":118,"11":118,"12":118,"13":22,"14":96,"15":67,"16":29,"17":7},"f":{"0":8,"1":89},"b":{"0":[1,7],"1":[6,1],"2":[22,96],"3":[118,89,89],"4":[67,29],"5":[96,67,67]},"_coverageSchema":"1a1c01bbd47fc00a2c39e90264f33305004495a9","hash":"5a700b127e3bfe0baa3c45411de7f493f6ae7391"}
,"/Users/buka/Desktop/Brainnest/brainnest_jest_tests/js/calculator.js": {"path":"/Users/buka/Desktop/Brainnest/brainnest_jest_tests/js/calculator.js","statementMap":{"0":{"start":{"line":3,"column":4},"end":{"line":3,"column":15}},"1":{"start":{"line":4,"column":4},"end":{"line":4,"column":15}},"2":{"start":{"line":7,"column":8},"end":{"line":9,"column":3}},"3":{"start":{"line":8,"column":4},"end":{"line":8,"column":26}},"4":{"start":{"line":11,"column":13},"end":{"line":13,"column":3}},"5":{"start":{"line":12,"column":4},"end":{"line":12,"column":26}},"6":{"start":{"line":15,"column":13},"end":{"line":17,"column":3}},"7":{"start":{"line":16,"column":4},"end":{"line":16,"column":26}},"8":{"start":{"line":19,"column":11},"end":{"line":24,"column":3}},"9":{"start":{"line":20,"column":4},"end":{"line":22,"column":5}},"10":{"start":{"line":21,"column":6},"end":{"line":21,"column":39}},"11":{"start":{"line":23,"column":4},"end":{"line":23,"column":26}}},"fnMap":{"0":{"name":"(anonymous_0)","decl":{"start":{"line":2,"column":2},"end":{"line":2,"column":3}},"loc":{"start":{"line":2,"column":21},"end":{"line":5,"column":3}},"line":2},"1":{"name":"(anonymous_1)","decl":{"start":{"line":7,"column":8},"end":{"line":7,"column":9}},"loc":{"start":{"line":7,"column":14},"end":{"line":9,"column":3}},"line":7},"2":{"name":"(anonymous_2)","decl":{"start":{"line":11,"column":13},"end":{"line":11,"column":14}},"loc":{"start":{"line":11,"column":19},"end":{"line":13,"column":3}},"line":11},"3":{"name":"(anonymous_3)","decl":{"start":{"line":15,"column":13},"end":{"line":15,"column":14}},"loc":{"start":{"line":15,"column":19},"end":{"line":17,"column":3}},"line":15},"4":{"name":"(anonymous_4)","decl":{"start":{"line":19,"column":11},"end":{"line":19,"column":12}},"loc":{"start":{"line":19,"column":17},"end":{"line":24,"column":3}},"line":19}},"branchMap":{"0":{"loc":{"start":{"line":20,"column":4},"end":{"line":22,"column":5}},"type":"if","locations":[{"start":{"line":20,"column":4},"end":{"line":22,"column":5}},{"start":{},"end":{}}],"line":20}},"s":{"0":14,"1":14,"2":14,"3":5,"4":14,"5":3,"6":14,"7":3,"8":14,"9":3,"10":1,"11":2},"f":{"0":14,"1":5,"2":3,"3":3,"4":3},"b":{"0":[1,2]},"_coverageSchema":"1a1c01bbd47fc00a2c39e90264f33305004495a9","hash":"1e522c7030b5dc9b5051eee56e64eb34092d763b"}
,"/Users/buka/Desktop/Brainnest/brainnest_jest_tests/js/capitalize.js": {"path":"/Users/buka/Desktop/Brainnest/brainnest_jest_tests/js/capitalize.js","statementMap":{"0":{"start":{"line":1,"column":19},"end":{"line":8,"column":1}},"1":{"start":{"line":2,"column":2},"end":{"line":4,"column":3}},"2":{"start":{"line":3,"column":4},"end":{"line":3,"column":15}},"3":{"start":{"line":5,"column":22},"end":{"line":5,"column":57}},"4":{"start":{"line":6,"column":27},"end":{"line":6,"column":47}},"5":{"start":{"line":7,"column":2},"end":{"line":7,"column":39}}},"fnMap":{"0":{"name":"(anonymous_0)","decl":{"start":{"line":1,"column":19},"end":{"line":1,"column":20}},"loc":{"start":{"line":1,"column":36},"end":{"line":8,"column":1}},"line":1}},"branchMap":{"0":{"loc":{"start":{"line":2,"column":2},"end":{"line":4,"column":3}},"type":"if","locations":[{"start":{"line":2,"column":2},"end":{"line":4,"column":3}},{"start":{},"end":{}}],"line":2}},"s":{"0":1,"1":5,"2":1,"3":4,"4":4,"5":4},"f":{"0":5},"b":{"0":[1,4]},"_coverageSchema":"1a1c01bbd47fc00a2c39e90264f33305004495a9","hash":"171b06af35cf1ae04d63c89bb9afd4aa45a36d5e"}
,"/Users/buka/Desktop/Brainnest/brainnest_jest_tests/js/reverse-string.js": {"path":"/Users/buka/Desktop/Brainnest/brainnest_jest_tests/js/reverse-string.js","statementMap":{"0":{"start":{"line":1,"column":22},"end":{"line":11,"column":1}},"1":{"start":{"line":2,"column":2},"end":{"line":4,"column":3}},"2":{"start":{"line":3,"column":4},"end":{"line":3,"column":15}},"3":{"start":{"line":6,"column":2},"end":{"line":8,"column":3}},"4":{"start":{"line":7,"column":4},"end":{"line":7,"column":48}},"5":{"start":{"line":9,"column":18},"end":{"line":9,"column":43}},"6":{"start":{"line":10,"column":2},"end":{"line":10,"column":35}}},"fnMap":{"0":{"name":"(anonymous_0)","decl":{"start":{"line":1,"column":22},"end":{"line":1,"column":23}},"loc":{"start":{"line":1,"column":43},"end":{"line":11,"column":1}},"line":1}},"branchMap":{"0":{"loc":{"start":{"line":2,"column":2},"end":{"line":4,"column":3}},"type":"if","locations":[{"start":{"line":2,"column":2},"end":{"line":4,"column":3}},{"start":{},"end":{}}],"line":2},"1":{"loc":{"start":{"line":2,"column":6},"end":{"line":2,"column":80}},"type":"binary-expr","locations":[{"start":{"line":2,"column":6},"end":{"line":2,"column":41}},{"start":{"line":2,"column":45},"end":{"line":2,"column":80}}],"line":2},"2":{"loc":{"start":{"line":6,"column":2},"end":{"line":8,"column":3}},"type":"if","locations":[{"start":{"line":6,"column":2},"end":{"line":8,"column":3}},{"start":{},"end":{}}],"line":6}},"s":{"0":1,"1":4,"2":1,"3":3,"4":1,"5":3,"6":3},"f":{"0":4},"b":{"0":[1,3],"1":[4,2],"2":[1,2]},"_coverageSchema":"1a1c01bbd47fc00a2c39e90264f33305004495a9","hash":"ec7d8ce7736734c8b1c33ff4d59fed08a8312b13"}
}
