TN:
SF:js/analyze-array.js
FN:1,(anonymous_0)
FN:7,(anonymous_1)
FNF:2
FNH:2
FNDA:5,(anonymous_0)
FNDA:8,(anonymous_1)
DA:1,1
DA:3,5
DA:4,3
DA:7,8
DA:8,2
DA:9,2
DA:10,2
DA:12,2
LF:8
LH:8
BRDA:3,0,0,3
BRDA:3,0,1,2
BRDA:3,1,0,5
BRDA:3,1,1,4
BRDA:3,1,2,3
BRF:5
BRH:5
end_of_record
TN:
SF:js/caesar-cipher.js
FN:1,(anonymous_0)
FN:9,(anonymous_1)
FNF:2
FNH:2
FNDA:8,(anonymous_0)
FNDA:89,(anonymous_1)
DA:1,1
DA:2,8
DA:3,1
DA:5,7
DA:6,7
DA:7,7
DA:9,7
DA:10,89
DA:13,7
DA:14,118
DA:15,118
DA:17,118
DA:18,22
DA:21,96
DA:22,67
DA:26,29
DA:29,7
LF:17
LH:17
BRDA:2,0,0,1
BRDA:2,0,1,7
BRDA:6,1,0,6
BRDA:6,1,1,1
BRDA:17,2,0,22
BRDA:17,2,1,96
BRDA:17,3,0,118
BRDA:17,3,1,89
BRDA:17,3,2,89
BRDA:21,4,0,67
BRDA:21,4,1,29
BRDA:21,5,0,96
BRDA:21,5,1,67
BRDA:21,5,2,67
BRF:14
BRH:14
end_of_record
TN:
SF:js/calculator.js
FN:2,(anonymous_0)
FN:7,(anonymous_1)
FN:11,(anonymous_2)
FN:15,(anonymous_3)
FN:19,(anonymous_4)
FNF:5
FNH:5
FNDA:14,(anonymous_0)
FNDA:5,(anonymous_1)
FNDA:3,(anonymous_2)
FNDA:3,(anonymous_3)
FNDA:3,(anonymous_4)
DA:3,14
DA:4,14
DA:7,14
DA:8,5
DA:11,14
DA:12,3
DA:15,14
DA:16,3
DA:19,14
DA:20,3
DA:21,1
DA:23,2
LF:12
LH:12
BRDA:20,0,0,1
BRDA:20,0,1,2
BRF:2
BRH:2
end_of_record
TN:
SF:js/capitalize.js
FN:1,(anonymous_0)
FNF:1
FNH:1
FNDA:5,(anonymous_0)
DA:1,1
DA:2,5
DA:3,1
DA:5,4
DA:6,4
DA:7,4
LF:6
LH:6
BRDA:2,0,0,1
BRDA:2,0,1,4
BRF:2
BRH:2
end_of_record
TN:
SF:js/reverse-string.js
FN:1,(anonymous_0)
FNF:1
FNH:1
FNDA:4,(anonymous_0)
DA:1,1
DA:2,4
DA:3,1
DA:6,3
DA:7,1
DA:9,3
DA:10,3
LF:7
LH:7
BRDA:2,0,0,1
BRDA:2,0,1,3
BRDA:2,1,0,4
BRDA:2,1,1,2
BRDA:6,2,0,1
BRDA:6,2,1,2
BRF:6
BRH:6
end_of_record
